<?xml version="1.0" encoding="UTF-8"?>
<!-- Generated by org.testng.reporters.JUnitReportReporter -->
<testsuite hostname="Bharath-PC" failures="0" tests="1" name="cucumber.TestNGTestRunner" time="4.768" errors="1" timestamp="2024-01-17T23:04:18 IST" skipped="0">
  <testcase classname="cucumber.TestNGTestRunner" name="runScenario" time="4.768">
    <error message="Input must be set" type="java.lang.IllegalArgumentException">
      <![CDATA[java.lang.IllegalArgumentException: Input must be set
at org.openqa.selenium.internal.Require.nonNull(Require.java:60)
at org.openqa.selenium.support.ui.FluentWait.<init>(FluentWait.java:93)
at org.openqa.selenium.support.ui.WebDriverWait.<init>(WebDriverWait.java:74)
at org.openqa.selenium.support.ui.WebDriverWait.<init>(WebDriverWait.java:43)
at org.AbstractComponents.AbstractComponent.elementvisible(AbstractComponent.java:33)
at org.pages.ProductCatalog.getproductlist(ProductCatalog.java:34)
at stepDefinations.StepDefinationImp.I_add_the_product_from_the_cart(StepDefinationImp.java:43)
at âœ½.I add the ZARA COAT 3 from the cart(file:///C:/Users/Bharath/eclipse-workspace/01-Jan-2024/Rahulshetty_01_01_2024/SeleniumFrameworkDesign/src/test/java/cucumber/SumbitOrder.feature:11)
]]>
    </error>
  </testcase> <!-- runScenario -->
  <system-out/>
</testsuite> <!-- cucumber.TestNGTestRunner -->
